\BOOKMARK [0][-]{chapter.1}{\376\377\0001\000\040\000I\000n\000t\000r\000o\000d\000u\000c\000t\000i\000o\000n}{}% 1
\BOOKMARK [1][-]{section.1.1}{\376\377\0001\000.\0001\000\040\000T\000h\000e\000\040\000C\000e\000n\000t\000r\000a\000l\000\040\000Q\000u\000e\000s\000t\000i\000o\000n}{chapter.1}% 2
\BOOKMARK [1][-]{section.1.2}{\376\377\0001\000.\0002\000\040\000M\000e\000t\000h\000o\000d\000o\000l\000o\000g\000y\000\040\000a\000n\000d\000\040\000S\000c\000o\000p\000e}{chapter.1}% 3
\BOOKMARK [1][-]{section.1.3}{\376\377\0001\000.\0003\000\040\000R\000e\000a\000d\000e\000r\000'\000s\000\040\000G\000u\000i\000d\000e}{chapter.1}% 4
\BOOKMARK [1][-]{section.1.4}{\376\377\0001\000.\0004\000\040\000S\000t\000r\000u\000c\000t\000u\000r\000e\000\040\000o\000f\000\040\000t\000h\000e\000\040\000R\000e\000p\000o\000r\000t}{chapter.1}% 5
\BOOKMARK [0][-]{chapter.2}{\376\377\0002\000\040\000T\000h\000e\000\040\0002\000,\0000\0000\0000\000-\000Y\000e\000a\000r\000\040\000P\000r\000o\000b\000l\000e\000m}{}% 6
\BOOKMARK [1][-]{section.2.1}{\376\377\0002\000.\0001\000\040\000W\000h\000y\000\040\000O\000r\000g\000a\000n\000i\000s\000a\000t\000i\000o\000n\000s\000\040\000L\000o\000o\000k\000\040\000t\000h\000e\000\040\000W\000a\000y\000\040\000T\000h\000e\000y\000\040\000D\000o}{chapter.2}% 7
\BOOKMARK [1][-]{section.2.2}{\376\377\0002\000.\0002\000\040\000T\000h\000e\000\040\000R\000o\000m\000a\000n\000\040\000P\000r\000o\000t\000o\000c\000o\000l}{chapter.2}% 8
\BOOKMARK [1][-]{section.2.3}{\376\377\0002\000.\0003\000\040\000T\000h\000e\000\040\000P\000r\000u\000s\000s\000i\000a\000n\000\040\000I\000n\000n\000o\000v\000a\000t\000i\000o\000n}{chapter.2}% 9
\BOOKMARK [1][-]{section.2.4}{\376\377\0002\000.\0004\000\040\000T\000h\000e\000\040\000R\000a\000i\000l\000r\000o\000a\000d\000\040\000C\000o\000m\000m\000e\000r\000c\000i\000a\000l\000i\000s\000a\000t\000i\000o\000n}{chapter.2}% 10
\BOOKMARK [1][-]{section.2.5}{\376\377\0002\000.\0005\000\040\000S\000c\000i\000e\000n\000t\000i\000f\000i\000c\000\040\000M\000a\000n\000a\000g\000e\000m\000e\000n\000t\000\040\000a\000n\000d\000\040\000t\000h\000e\000\040\000F\000u\000n\000c\000t\000i\000o\000n\000a\000l\000\040\000P\000y\000r\000a\000m\000i\000d}{chapter.2}% 11
\BOOKMARK [1][-]{section.2.6}{\376\377\0002\000.\0006\000\040\000A\000\040\000C\000e\000n\000t\000u\000r\000y\000\040\000o\000f\000\040\000F\000a\000i\000l\000e\000d\000\040\000A\000l\000t\000e\000r\000n\000a\000t\000i\000v\000e\000s}{chapter.2}% 12
\BOOKMARK [1][-]{section.2.7}{\376\377\0002\000.\0007\000\040\000T\000h\000e\000\040\000C\000o\000r\000e\000\040\000I\000n\000s\000i\000g\000h\000t}{chapter.2}% 13
\BOOKMARK [0][-]{chapter.3}{\376\377\0003\000\040\000T\000h\000e\000\040\000C\000o\000l\000l\000a\000p\000s\000e\000\040\000P\000o\000i\000n\000t}{}% 14
\BOOKMARK [1][-]{section.3.1}{\376\377\0003\000.\0001\000\040\000W\000h\000a\000t\000\040\000H\000a\000p\000p\000e\000n\000s\000\040\000W\000h\000e\000n\000\040\000C\000o\000o\000r\000d\000i\000n\000a\000t\000i\000o\000n\000\040\000B\000e\000c\000o\000m\000e\000s\000\040\000N\000e\000a\000r\000-\000F\000r\000e\000e}{chapter.3}% 15
\BOOKMARK [1][-]{section.3.2}{\376\377\0003\000.\0002\000\040\000T\000h\000e\000\040\000S\000e\000c\000r\000e\000t\000\040\000C\000y\000b\000o\000r\000g\000\040\000P\000r\000o\000b\000l\000e\000m}{chapter.3}% 16
\BOOKMARK [1][-]{section.3.3}{\376\377\0003\000.\0003\000\040\000T\000h\000e\000\040\000S\000h\000a\000d\000o\000w\000\040\000W\000o\000r\000k\000f\000l\000o\000w\000\040\000P\000r\000o\000b\000l\000e\000m}{chapter.3}% 17
\BOOKMARK [1][-]{section.3.4}{\376\377\0003\000.\0004\000\040\000T\000h\000e\000\040\000R\000a\000t\000i\000o\000n\000a\000l\000\040\000C\000a\000l\000c\000u\000l\000u\000s\000\040\000o\000f\000\040\000S\000e\000c\000r\000e\000c\000y}{chapter.3}% 18
\BOOKMARK [2][-]{subsection.3.4.1}{\376\377\0003\000.\0004\000.\0001\000\040\000T\000h\000e\000\040\000P\000s\000y\000c\000h\000o\000l\000o\000g\000i\000c\000a\000l\000\040\000S\000a\000f\000e\000t\000y\000\040\000E\000v\000i\000d\000e\000n\000c\000e}{section.3.4}% 19
\BOOKMARK [1][-]{section.3.5}{\376\377\0003\000.\0005\000\040\000T\000h\000e\000\040\000D\000i\000v\000e\000r\000g\000e\000n\000c\000e\000\040\000B\000e\000t\000w\000e\000e\000n\000\040\000F\000o\000r\000m\000a\000l\000\040\000a\000n\000d\000\040\000A\000c\000t\000u\000a\000l\000\040\000S\000t\000r\000u\000c\000t\000u\000r\000e}{chapter.3}% 20
\BOOKMARK [1][-]{section.3.6}{\376\377\0003\000.\0006\000\040\000T\000h\000e\000\040\000C\000o\000s\000t\000\040\000o\000f\000\040\000I\000n\000a\000c\000t\000i\000o\000n}{chapter.3}% 21
\BOOKMARK [0][-]{chapter.4}{\376\377\0004\000\040\000T\000h\000e\000\040\000J\000a\000g\000g\000e\000d\000\040\000F\000r\000o\000n\000t\000i\000e\000r}{}% 22
\BOOKMARK [1][-]{section.4.1}{\376\377\0004\000.\0001\000\040\000W\000h\000y\000\040\000W\000h\000o\000l\000e\000s\000a\000l\000e\000\040\000A\000u\000t\000o\000m\000a\000t\000i\000o\000n\000\040\000I\000s\000\040\000R\000e\000c\000k\000l\000e\000s\000s}{chapter.4}% 23
\BOOKMARK [1][-]{section.4.2}{\376\377\0004\000.\0002\000\040\000T\000h\000e\000\040\000B\000C\000G\000\040\000E\000x\000p\000e\000r\000i\000m\000e\000n\000t}{chapter.4}% 24
\BOOKMARK [1][-]{section.4.3}{\376\377\0004\000.\0003\000\040\000T\000h\000e\000\040\000S\000k\000i\000l\000l\000-\000L\000e\000v\000e\000l\000l\000i\000n\000g\000\040\000E\000f\000f\000e\000c\000t}{chapter.4}% 25
\BOOKMARK [1][-]{section.4.4}{\376\377\0004\000.\0004\000\040\000T\000h\000r\000e\000e\000\040\000C\000o\000l\000l\000a\000b\000o\000r\000a\000t\000i\000o\000n\000\040\000M\000o\000d\000e\000s}{chapter.4}% 26
\BOOKMARK [1][-]{section.4.5}{\376\377\0004\000.\0005\000\040\000W\000h\000y\000\040\000t\000h\000e\000\040\000F\000r\000o\000n\000t\000i\000e\000r\000\040\000M\000a\000t\000t\000e\000r\000s\000\040\000f\000o\000r\000\040\000G\000o\000v\000e\000r\000n\000a\000n\000c\000e}{chapter.4}% 27
\BOOKMARK [1][-]{section.4.6}{\376\377\0004\000.\0006\000\040\000T\000h\000e\000\040\000F\000r\000o\000n\000t\000i\000e\000r\000\040\000I\000s\000\040\000D\000y\000n\000a\000m\000i\000c}{chapter.4}% 28
\BOOKMARK [0][-]{chapter.5}{\376\377\0005\000\040\000T\000h\000e\000\040\000V\000i\000g\000i\000l\000a\000n\000c\000e\000\040\000P\000r\000o\000b\000l\000e\000m}{}% 29
\BOOKMARK [1][-]{section.5.1}{\376\377\0005\000.\0001\000\040\000W\000h\000y\000\040\000`\000`\000H\000u\000m\000a\000n\000\040\000i\000n\000\040\000t\000h\000e\000\040\000L\000o\000o\000p\000'\000'\000\040\000I\000s\000\040\000N\000o\000t\000\040\000E\000n\000o\000u\000g\000h}{chapter.5}% 30
\BOOKMARK [1][-]{section.5.2}{\376\377\0005\000.\0002\000\040\000F\000a\000l\000l\000i\000n\000g\000\040\000A\000s\000l\000e\000e\000p\000\040\000a\000t\000\040\000t\000h\000e\000\040\000W\000h\000e\000e\000l}{chapter.5}% 31
\BOOKMARK [1][-]{section.5.3}{\376\377\0005\000.\0003\000\040\000T\000h\000e\000\040\000Q\000u\000a\000l\000i\000t\000y\000\040\000P\000a\000r\000a\000d\000o\000x}{chapter.5}% 32
\BOOKMARK [1][-]{section.5.4}{\376\377\0005\000.\0004\000\040\000I\000m\000p\000l\000i\000c\000a\000t\000i\000o\000n\000s\000\040\000f\000o\000r\000\040\000O\000r\000g\000a\000n\000i\000s\000a\000t\000i\000o\000n\000a\000l\000\040\000D\000e\000s\000i\000g\000n}{chapter.5}% 33
\BOOKMARK [2][-]{subsection.5.4.1}{\376\377\0005\000.\0004\000.\0001\000\040\000P\000a\000s\000s\000i\000v\000e\000\040\000O\000v\000e\000r\000s\000i\000g\000h\000t\000\040\000D\000e\000g\000r\000a\000d\000e\000s}{section.5.4}% 34
\BOOKMARK [2][-]{subsection.5.4.2}{\376\377\0005\000.\0004\000.\0002\000\040\000A\000c\000t\000i\000v\000e\000\040\000E\000n\000g\000a\000g\000e\000m\000e\000n\000t\000\040\000I\000s\000\040\000R\000e\000q\000u\000i\000r\000e\000d}{section.5.4}% 35
\BOOKMARK [2][-]{subsection.5.4.3}{\376\377\0005\000.\0004\000.\0003\000\040\000D\000e\000l\000i\000b\000e\000r\000a\000t\000e\000\040\000F\000r\000i\000c\000t\000i\000o\000n\000\040\000I\000s\000\040\000a\000\040\000D\000e\000s\000i\000g\000n\000\040\000R\000e\000q\000u\000i\000r\000e\000m\000e\000n\000t}{section.5.4}% 36
\BOOKMARK [2][-]{subsection.5.4.4}{\376\377\0005\000.\0004\000.\0004\000\040\000G\000o\000v\000e\000r\000n\000a\000n\000c\000e\000\040\000M\000u\000s\000t\000\040\000B\000e\000\040\000C\000o\000n\000t\000i\000n\000u\000o\000u\000s}{section.5.4}% 37
\BOOKMARK [1][-]{section.5.5}{\376\377\0005\000.\0005\000\040\000T\000h\000e\000\040\000A\000t\000r\000o\000p\000h\000y\000\040\000P\000r\000e\000d\000i\000c\000t\000i\000o\000n}{chapter.5}% 38
\BOOKMARK [1][-]{section.5.6}{\376\377\0005\000.\0006\000\040\000W\000h\000a\000t\000\040\000T\000h\000i\000s\000\040\000M\000e\000a\000n\000s\000\040\000f\000o\000r\000\040\000t\000h\000e\000\040\000T\000h\000r\000e\000e\000\040\000M\000o\000d\000e\000l\000s}{chapter.5}% 39
\BOOKMARK [0][-]{chapter.6}{\376\377\0006\000\040\000T\000h\000r\000e\000e\000\040\000M\000o\000d\000e\000l\000s\000\040\000f\000o\000r\000\040\000W\000h\000a\000t\000\040\000C\000o\000m\000e\000s\000\040\000N\000e\000x\000t}{}% 40
\BOOKMARK [1][-]{section.6.1}{\376\377\0006\000.\0001\000\040\000T\000h\000e\000\040\000E\000m\000e\000r\000g\000i\000n\000g\000\040\000P\000a\000r\000a\000d\000i\000g\000m\000s}{chapter.6}% 41
\BOOKMARK [1][-]{section.6.2}{\376\377\0006\000.\0002\000\040\000M\000o\000d\000e\000l\000\040\000A\000:\000\040\000T\000h\000e\000\040\000I\000n\000t\000e\000l\000l\000i\000g\000e\000n\000c\000e\000\040\000L\000a\000y\000e\000r}{chapter.6}% 42
\BOOKMARK [2][-]{subsection.6.2.1}{\376\377\0006\000.\0002\000.\0001\000\040\000S\000o\000u\000r\000c\000e\000\040\000a\000n\000d\000\040\000C\000o\000r\000e\000\040\000T\000h\000e\000s\000i\000s}{section.6.2}% 43
\BOOKMARK [2][-]{subsection.6.2.2}{\376\377\0006\000.\0002\000.\0002\000\040\000T\000h\000e\000\040\000C\000a\000s\000e\000\040\000F\000o\000r}{section.6.2}% 44
\BOOKMARK [2][-]{subsection.6.2.3}{\376\377\0006\000.\0002\000.\0003\000\040\000T\000h\000e\000\040\000C\000a\000s\000e\000\040\000A\000g\000a\000i\000n\000s\000t}{section.6.2}% 45
\BOOKMARK [1][-]{section.6.3}{\376\377\0006\000.\0003\000\040\000M\000o\000d\000e\000l\000\040\000B\000:\000\040\000T\000h\000e\000\040\000A\000g\000e\000n\000t\000\040\000C\000o\000l\000o\000n\000y}{chapter.6}% 46
\BOOKMARK [2][-]{subsection.6.3.1}{\376\377\0006\000.\0003\000.\0001\000\040\000S\000o\000u\000r\000c\000e\000\040\000a\000n\000d\000\040\000C\000o\000r\000e\000\040\000T\000h\000e\000s\000i\000s}{section.6.3}% 47
\BOOKMARK [2][-]{subsection.6.3.2}{\376\377\0006\000.\0003\000.\0002\000\040\000W\000h\000a\000t\000\040\000W\000o\000r\000k\000s}{section.6.3}% 48
\BOOKMARK [2][-]{subsection.6.3.3}{\376\377\0006\000.\0003\000.\0003\000\040\000W\000h\000a\000t\000\040\000D\000o\000e\000s\000\040\000N\000o\000t\000\040\000W\000o\000r\000k}{section.6.3}% 49
\BOOKMARK [1][-]{section.6.4}{\376\377\0006\000.\0004\000\040\000M\000o\000d\000e\000l\000\040\000C\000:\000\040\000T\000h\000e\000\040\000D\000y\000n\000a\000m\000i\000c\000\040\000A\000g\000e\000n\000t\000i\000c\000\040\000M\000e\000s\000h}{chapter.6}% 50
\BOOKMARK [2][-]{subsection.6.4.1}{\376\377\0006\000.\0004\000.\0001\000\040\000C\000o\000r\000e\000\040\000T\000h\000e\000s\000i\000s}{section.6.4}% 51
\BOOKMARK [2][-]{subsection.6.4.2}{\376\377\0006\000.\0004\000.\0002\000\040\000T\000h\000r\000e\000e\000\040\000L\000a\000y\000e\000r\000s}{section.6.4}% 52
\BOOKMARK [2][-]{subsection.6.4.3}{\376\377\0006\000.\0004\000.\0003\000\040\000T\000h\000e\000\040\000I\000n\000s\000i\000g\000h\000t\000\040\000I\000n\000g\000e\000s\000t\000i\000o\000n\000\040\000L\000o\000o\000p}{section.6.4}% 53
\BOOKMARK [2][-]{subsection.6.4.4}{\376\377\0006\000.\0004\000.\0004\000\040\000H\000o\000n\000e\000s\000t\000\040\000L\000i\000m\000i\000t\000a\000t\000i\000o\000n\000s}{section.6.4}% 54
\BOOKMARK [1][-]{section.6.5}{\376\377\0006\000.\0005\000\040\000C\000o\000m\000p\000a\000r\000a\000t\000i\000v\000e\000\040\000A\000n\000a\000l\000y\000s\000i\000s}{chapter.6}% 55
\BOOKMARK [0][-]{chapter.7}{\376\377\0007\000\040\000T\000h\000e\000\040\000C\000o\000m\000p\000o\000u\000n\000d\000i\000n\000g\000\040\000O\000r\000g\000a\000n\000i\000s\000a\000t\000i\000o\000n}{}% 56
\BOOKMARK [1][-]{section.7.1}{\376\377\0007\000.\0001\000\040\000W\000h\000e\000n\000\040\000t\000h\000e\000\040\000L\000e\000a\000r\000n\000i\000n\000g\000\040\000S\000y\000s\000t\000e\000m\000\040\000B\000e\000c\000o\000m\000e\000s\000\040\000t\000h\000e\000\040\000P\000r\000o\000d\000u\000c\000t}{chapter.7}% 57
\BOOKMARK [1][-]{section.7.2}{\376\377\0007\000.\0002\000\040\000T\000h\000e\000\040\000C\000o\000m\000p\000o\000u\000n\000d\000\040\000E\000n\000g\000i\000n\000e\000e\000r\000i\000n\000g\000\040\000L\000a\000d\000d\000e\000r}{chapter.7}% 58
\BOOKMARK [1][-]{section.7.3}{\376\377\0007\000.\0003\000\040\000T\000h\000e\000\040\000O\000r\000g\000a\000n\000i\000s\000a\000t\000i\000o\000n\000a\000l\000\040\000F\000l\000y\000w\000h\000e\000e\000l}{chapter.7}% 59
\BOOKMARK [1][-]{section.7.4}{\376\377\0007\000.\0004\000\040\000E\000v\000e\000r\000y\000o\000n\000e\000\040\000I\000s\000\040\000a\000\040\000M\000a\000n\000a\000g\000e\000r\000\040\000N\000o\000w}{chapter.7}% 60
\BOOKMARK [2][-]{subsection.7.4.1}{\376\377\0007\000.\0004\000.\0001\000\040\000W\000h\000y\000\040\000T\000h\000i\000s\000\040\000I\000s\000\040\000T\000h\000r\000e\000a\000t\000e\000n\000i\000n\000g}{section.7.4}% 61
\BOOKMARK [1][-]{section.7.5}{\376\377\0007\000.\0005\000\040\000T\000h\000e\000\040\000C\000o\000n\000d\000u\000c\000t\000o\000r\000\040\000P\000r\000o\000b\000l\000e\000m}{chapter.7}% 62
\BOOKMARK [1][-]{section.7.6}{\376\377\0007\000.\0006\000\040\000H\000o\000w\000\040\000t\000o\000\040\000P\000r\000e\000s\000e\000n\000t\000\040\000T\000h\000i\000s\000\040\000W\000i\000t\000h\000o\000u\000t\000\040\000P\000a\000t\000r\000o\000n\000i\000s\000i\000n\000g}{chapter.7}% 63
\BOOKMARK [0][-]{chapter.8}{\376\377\0008\000\040\000N\000e\000w\000\040\000K\000P\000I\000s\000\040\000f\000o\000r\000\040\000a\000\040\000F\000l\000u\000i\000d\000\040\000O\000r\000g\000a\000n\000i\000s\000a\000t\000i\000o\000n}{}% 64
\BOOKMARK [1][-]{section.8.1}{\376\377\0008\000.\0001\000\040\000W\000h\000y\000\040\000t\000h\000e\000\040\000E\000x\000i\000s\000t\000i\000n\000g\000\040\000K\000P\000I\000\040\000L\000a\000n\000d\000s\000c\000a\000p\000e\000\040\000I\000s\000\040\000I\000n\000a\000d\000e\000q\000u\000a\000t\000e}{chapter.8}% 65
\BOOKMARK [1][-]{section.8.2}{\376\377\0008\000.\0002\000\040\000M\000e\000s\000h\000\040\000V\000e\000l\000o\000c\000i\000t\000y}{chapter.8}% 66
\BOOKMARK [1][-]{section.8.3}{\376\377\0008\000.\0003\000\040\000A\000u\000g\000m\000e\000n\000t\000a\000t\000i\000o\000n\000\040\000R\000a\000t\000i\000o}{chapter.8}% 67
\BOOKMARK [1][-]{section.8.4}{\376\377\0008\000.\0004\000\040\000T\000r\000u\000s\000t\000\040\000V\000a\000r\000i\000a\000n\000c\000e}{chapter.8}% 68
\BOOKMARK [1][-]{section.8.5}{\376\377\0008\000.\0005\000\040\000H\000I\000T\000L\000\040\000P\000r\000e\000c\000i\000s\000i\000o\000n}{chapter.8}% 69
\BOOKMARK [1][-]{section.8.6}{\376\377\0008\000.\0006\000\040\000T\000h\000e\000\040\000K\000P\000I\000\040\000D\000a\000s\000h\000b\000o\000a\000r\000d\000\040\000a\000s\000\040\000a\000\040\000N\000a\000r\000r\000a\000t\000i\000v\000e}{chapter.8}% 70
\BOOKMARK [0][-]{chapter.9}{\376\377\0009\000\040\000T\000h\000e\000\040\000G\000o\000v\000e\000r\000n\000a\000n\000c\000e\000\040\000P\000a\000r\000a\000d\000o\000x}{}% 71
\BOOKMARK [1][-]{section.9.1}{\376\377\0009\000.\0001\000\040\000G\000o\000v\000e\000r\000n\000a\000n\000c\000e\000\040\000a\000s\000\040\000A\000c\000c\000e\000l\000e\000r\000a\000t\000o\000r\000,\000\040\000N\000o\000t\000\040\000B\000r\000a\000k\000e}{chapter.9}% 72
\BOOKMARK [1][-]{section.9.2}{\376\377\0009\000.\0002\000\040\000T\000h\000e\000\040\000R\000a\000c\000i\000n\000g\000\040\000C\000a\000r\000\040\000P\000r\000i\000n\000c\000i\000p\000l\000e}{chapter.9}% 73
\BOOKMARK [1][-]{section.9.3}{\376\377\0009\000.\0003\000\040\000D\000e\000c\000l\000a\000r\000a\000t\000i\000v\000e\000\040\000G\000o\000v\000e\000r\000n\000a\000n\000c\000e}{chapter.9}% 74
\BOOKMARK [1][-]{section.9.4}{\376\377\0009\000.\0004\000\040\000H\000I\000T\000L\000\040\000b\000y\000\040\000D\000e\000s\000i\000g\000n}{chapter.9}% 75
\BOOKMARK [1][-]{section.9.5}{\376\377\0009\000.\0005\000\040\000O\000n\000t\000o\000l\000o\000g\000i\000c\000a\000l\000\040\000P\000r\000o\000v\000e\000n\000a\000n\000c\000e}{chapter.9}% 76
\BOOKMARK [1][-]{section.9.6}{\376\377\0009\000.\0006\000\040\000C\000a\000s\000c\000a\000d\000i\000n\000g\000\040\000T\000r\000u\000s\000t\000\040\000H\000i\000e\000r\000a\000r\000c\000h\000i\000e\000s}{chapter.9}% 77
\BOOKMARK [1][-]{section.9.7}{\376\377\0009\000.\0007\000\040\000T\000h\000e\000\040\000G\000o\000v\000e\000r\000n\000a\000n\000c\000e\000\040\000P\000a\000r\000a\000d\000o\000x\000\040\000R\000e\000s\000o\000l\000v\000e\000d}{chapter.9}% 78
\BOOKMARK [0][-]{chapter.10}{\376\377\0001\0000\000\040\000T\000h\000e\000\040\000C\000h\000a\000n\000g\000e\000\040\000P\000r\000o\000b\000l\000e\000m}{}% 79
\BOOKMARK [1][-]{section.10.1}{\376\377\0001\0000\000.\0001\000\040\000W\000h\000y\000\040\000T\000h\000i\000s\000\040\000C\000a\000n\000n\000o\000t\000\040\000B\000e\000\040\000M\000a\000n\000a\000g\000e\000d\000\040\000w\000i\000t\000h\000\040\000a\000\040\000G\000a\000n\000t\000t\000\040\000C\000h\000a\000r\000t}{chapter.10}% 80
\BOOKMARK [1][-]{section.10.2}{\376\377\0001\0000\000.\0002\000\040\000T\000h\000e\000\040\000C\000o\000n\000t\000i\000n\000u\000o\000u\000s\000\040\000C\000h\000a\000n\000g\000e\000\040\000A\000r\000c\000h\000i\000t\000e\000c\000t\000u\000r\000e}{chapter.10}% 81
\BOOKMARK [2][-]{subsection.10.2.1}{\376\377\0001\0000\000.\0002\000.\0001\000\040\000C\000o\000n\000t\000i\000n\000u\000o\000u\000s\000\040\000T\000r\000a\000n\000s\000f\000o\000r\000m\000a\000t\000i\000o\000n}{section.10.2}% 82
\BOOKMARK [2][-]{subsection.10.2.2}{\376\377\0001\0000\000.\0002\000.\0002\000\040\000A\000d\000a\000p\000t\000i\000v\000e\000\040\000C\000h\000a\000n\000g\000e\000\040\000A\000r\000c\000h\000i\000t\000e\000c\000t\000u\000r\000e}{section.10.2}% 83
\BOOKMARK [2][-]{subsection.10.2.3}{\376\377\0001\0000\000.\0002\000.\0003\000\040\000D\000y\000n\000a\000m\000i\000c\000\040\000C\000a\000p\000a\000b\000i\000l\000i\000t\000i\000e\000s}{section.10.2}% 84
\BOOKMARK [2][-]{subsection.10.2.4}{\376\377\0001\0000\000.\0002\000.\0004\000\040\000D\000i\000r\000e\000c\000t\000e\000d\000\040\000A\000u\000t\000o\000n\000o\000m\000y}{section.10.2}% 85
\BOOKMARK [1][-]{section.10.3}{\376\377\0001\0000\000.\0003\000\040\000T\000h\000e\000\040\0001\000-\0009\000-\0009\0000\000\040\000P\000a\000t\000t\000e\000r\000n}{chapter.10}% 86
\BOOKMARK [1][-]{section.10.4}{\376\377\0001\0000\000.\0004\000\040\000R\000e\000s\000i\000s\000t\000a\000n\000c\000e\000\040\000P\000a\000t\000t\000e\000r\000n\000s}{chapter.10}% 87
\BOOKMARK [1][-]{section.10.5}{\376\377\0001\0000\000.\0005\000\040\000T\000h\000e\000\040\000C\000o\000n\000t\000r\000a\000d\000i\000c\000t\000i\000o\000n\000\040\000i\000n\000\040\000T\000h\000i\000s\000\040\000R\000e\000p\000o\000r\000t}{chapter.10}% 88
\BOOKMARK [0][-]{chapter.11}{\376\377\0001\0001\000\040\000T\000h\000e\000\040\000I\000n\000d\000u\000s\000t\000r\000y\000\040\000L\000a\000n\000d\000s\000c\000a\000p\000e}{}% 89
\BOOKMARK [1][-]{section.11.1}{\376\377\0001\0001\000.\0001\000\040\000W\000h\000a\000t\000\040\000t\000h\000e\000\040\000M\000a\000j\000o\000r\000\040\000C\000o\000n\000s\000u\000l\000t\000a\000n\000c\000i\000e\000s\000\040\000A\000r\000e\000\040\000S\000a\000y\000i\000n\000g}{chapter.11}% 90
\BOOKMARK [1][-]{section.11.2}{\376\377\0001\0001\000.\0002\000\040\000M\000c\000K\000i\000n\000s\000e\000y\000:\000\040\000T\000h\000e\000\040\000A\000g\000e\000n\000t\000i\000c\000\040\000O\000r\000g\000a\000n\000i\000s\000a\000t\000i\000o\000n}{chapter.11}% 91
\BOOKMARK [1][-]{section.11.3}{\376\377\0001\0001\000.\0003\000\040\000B\000C\000G\000:\000\040\000Q\000u\000a\000n\000t\000i\000f\000y\000i\000n\000g\000\040\000t\000h\000e\000\040\000S\000h\000i\000f\000t}{chapter.11}% 92
\BOOKMARK [1][-]{section.11.4}{\376\377\0001\0001\000.\0004\000\040\000D\000e\000l\000o\000i\000t\000t\000e\000:\000\040\000M\000e\000a\000s\000u\000r\000i\000n\000g\000\040\000M\000a\000t\000u\000r\000i\000t\000y}{chapter.11}% 93
\BOOKMARK [1][-]{section.11.5}{\376\377\0001\0001\000.\0005\000\040\000G\000a\000r\000t\000n\000e\000r\000:\000\040\000S\000t\000r\000u\000c\000t\000u\000r\000a\000l\000\040\000P\000r\000e\000d\000i\000c\000t\000i\000o\000n\000s}{chapter.11}% 94
\BOOKMARK [1][-]{section.11.6}{\376\377\0001\0001\000.\0006\000\040\000W\000o\000r\000l\000d\000\040\000E\000c\000o\000n\000o\000m\000i\000c\000\040\000F\000o\000r\000u\000m\000:\000\040\000T\000h\000e\000\040\000J\000o\000b\000s\000\040\000L\000a\000n\000d\000s\000c\000a\000p\000e}{chapter.11}% 95
\BOOKMARK [1][-]{section.11.7}{\376\377\0001\0001\000.\0007\000\040\000A\000g\000e\000n\000t\000i\000c\000\040\000A\000I\000\040\000A\000d\000o\000p\000t\000i\000o\000n\000\040\000a\000t\000\040\000S\000c\000a\000l\000e}{chapter.11}% 96
\BOOKMARK [1][-]{section.11.8}{\376\377\0001\0001\000.\0008\000\040\000C\000o\000m\000p\000a\000r\000a\000t\000i\000v\000e\000\040\000P\000o\000s\000i\000t\000i\000o\000n\000i\000n\000g}{chapter.11}% 97
\BOOKMARK [0][-]{chapter.12}{\376\377\0001\0002\000\040\000T\000h\000e\000\040\000R\000o\000l\000e\000\040\000T\000r\000a\000n\000s\000f\000o\000r\000m\000a\000t\000i\000o\000n}{}% 98
\BOOKMARK [1][-]{section.12.1}{\376\377\0001\0002\000.\0001\000\040\000T\000h\000e\000\040\000M\000i\000d\000d\000l\000e\000\040\000M\000a\000n\000a\000g\000e\000r\000\040\000a\000s\000\040\000J\000u\000d\000g\000m\000e\000n\000t\000\040\000B\000r\000o\000k\000e\000r}{chapter.12}% 99
\BOOKMARK [1][-]{section.12.2}{\376\377\0001\0002\000.\0002\000\040\000T\000h\000r\000e\000e\000\040\000I\000r\000r\000e\000p\000l\000a\000c\000e\000a\000b\000l\000e\000\040\000H\000u\000m\000a\000n\000\040\000C\000a\000p\000a\000c\000i\000t\000i\000e\000s}{chapter.12}% 100
\BOOKMARK [2][-]{subsection.12.2.1}{\376\377\0001\0002\000.\0002\000.\0001\000\040\000S\000t\000r\000a\000t\000e\000g\000i\000c\000\040\000V\000e\000c\000t\000o\000r\000s}{section.12.2}% 101
\BOOKMARK [2][-]{subsection.12.2.2}{\376\377\0001\0002\000.\0002\000.\0002\000\040\000E\000t\000h\000i\000c\000a\000l\000\040\000A\000d\000j\000u\000d\000i\000c\000a\000t\000i\000o\000n}{section.12.2}% 102
\BOOKMARK [2][-]{subsection.12.2.3}{\376\377\0001\0002\000.\0002\000.\0003\000\040\000R\000e\000l\000a\000t\000i\000o\000n\000a\000l\000\040\000I\000n\000t\000e\000l\000l\000i\000g\000e\000n\000c\000e}{section.12.2}% 103
\BOOKMARK [1][-]{section.12.3}{\376\377\0001\0002\000.\0003\000\040\000M\000a\000n\000a\000g\000e\000m\000e\000n\000t\000\040\000a\000s\000\040\000A\000I\000\040\000S\000u\000p\000e\000r\000p\000o\000w\000e\000r}{chapter.12}% 104
\BOOKMARK [1][-]{section.12.4}{\376\377\0001\0002\000.\0004\000\040\000T\000h\000e\000\040\000C\000o\000m\000p\000e\000t\000e\000n\000c\000y\000\040\000S\000h\000i\000f\000t}{chapter.12}% 105
\BOOKMARK [1][-]{section.12.5}{\376\377\0001\0002\000.\0005\000\040\000T\000h\000e\000\040\000D\000a\000y\000-\000i\000n\000-\000t\000h\000e\000-\000L\000i\000f\000e\000\040\000Q\000u\000e\000s\000t\000i\000o\000n}{chapter.12}% 106
\BOOKMARK [0][-]{chapter.13}{\376\377\0001\0003\000\040\000T\000h\000e\000\040\000T\000e\000c\000h\000n\000i\000c\000a\000l\000\040\000S\000u\000b\000s\000t\000r\000a\000t\000e\000:\000\040\000V\000i\000s\000i\000o\000n\000C\000l\000a\000w}{}% 107
\BOOKMARK [1][-]{section.13.1}{\376\377\0001\0003\000.\0001\000\040\000A\000\040\000W\000o\000r\000k\000i\000n\000g\000\040\000A\000g\000e\000n\000t\000i\000c\000\040\000M\000e\000s\000h}{chapter.13}% 108
\BOOKMARK [1][-]{section.13.2}{\376\377\0001\0003\000.\0002\000\040\000A\000r\000c\000h\000i\000t\000e\000c\000t\000u\000r\000e\000\040\000S\000t\000a\000c\000k}{chapter.13}% 109
\BOOKMARK [2][-]{subsection.13.2.1}{\376\377\0001\0003\000.\0002\000.\0001\000\040\000O\000W\000L\000\040\0002\000\040\000O\000n\000t\000o\000l\000o\000g\000y\000\040\000E\000n\000g\000i\000n\000e}{section.13.2}% 110
\BOOKMARK [2][-]{subsection.13.2.2}{\376\377\0001\0003\000.\0002\000.\0002\000\040\000C\000l\000a\000u\000d\000e\000-\000F\000l\000o\000w\000\040\000O\000r\000c\000h\000e\000s\000t\000r\000a\000t\000i\000o\000n}{section.13.2}% 111
\BOOKMARK [2][-]{subsection.13.2.3}{\376\377\0001\0003\000.\0002\000.\0003\000\040\000W\000e\000b\000X\000R\000\040\0003\000D\000\040\000K\000n\000o\000w\000l\000e\000d\000g\000e\000\040\000V\000i\000s\000u\000a\000l\000i\000s\000a\000t\000i\000o\000n}{section.13.2}% 112
\BOOKMARK [2][-]{subsection.13.2.4}{\376\377\0001\0003\000.\0002\000.\0004\000\040\000N\000o\000s\000t\000r\000\040\000A\000g\000e\000n\000t\000\040\000I\000d\000e\000n\000t\000i\000t\000y}{section.13.2}% 113
\BOOKMARK [2][-]{subsection.13.2.5}{\376\377\0001\0003\000.\0002\000.\0005\000\040\000R\000u\000V\000e\000c\000t\000o\000r\000\040\000M\000e\000m\000o\000r\000y}{section.13.2}% 114
\BOOKMARK [1][-]{section.13.3}{\376\377\0001\0003\000.\0003\000\040\000W\000h\000a\000t\000\040\000I\000s\000\040\000R\000e\000a\000l\000\040\000a\000n\000d\000\040\000V\000e\000r\000i\000f\000i\000e\000d}{chapter.13}% 115
\BOOKMARK [1][-]{section.13.4}{\376\377\0001\0003\000.\0004\000\040\000W\000h\000a\000t\000\040\000W\000a\000s\000\040\000P\000r\000e\000v\000i\000o\000u\000s\000l\000y\000\040\000O\000v\000e\000r\000c\000l\000a\000i\000m\000e\000d}{chapter.13}% 116
\BOOKMARK [1][-]{section.13.5}{\376\377\0001\0003\000.\0005\000\040\000T\000h\000e\000\040\000C\000o\000r\000r\000e\000c\000t\000e\000d\000\040\000S\000t\000o\000r\000y}{chapter.13}% 117
\BOOKMARK [2][-]{subsection.13.5.1}{\376\377\0001\0003\000.\0005\000.\0001\000\040\000W\000h\000a\000t\000\040\000T\000h\000i\000s\000\040\000P\000r\000o\000v\000e\000s}{section.13.5}% 118
\BOOKMARK [2][-]{subsection.13.5.2}{\376\377\0001\0003\000.\0005\000.\0002\000\040\000W\000h\000a\000t\000\040\000T\000h\000i\000s\000\040\000D\000o\000e\000s\000\040\000N\000o\000t\000\040\000Y\000e\000t\000\040\000P\000r\000o\000v\000e}{section.13.5}% 119
\BOOKMARK [1][-]{section.13.6}{\376\377\0001\0003\000.\0006\000\040\000P\000o\000s\000i\000t\000i\000o\000n\000i\000n\000g\000\040\000G\000u\000i\000d\000a\000n\000c\000e}{chapter.13}% 120
\BOOKMARK [0][-]{chapter*.19}{\376\377\000R\000e\000f\000e\000r\000e\000n\000c\000e\000s}{}% 121
